<?xml version="1.0" encoding="UTF-8"?>
<!-- Generated by org.testng.reporters.JUnitXMLReporter -->
<testsuite ignored="0" hostname="luxmikaanth" failures="0" tests="3" name="EdgeTest" time="0.2" errors="0" timestamp="2022-10-18T11:19:55 IST">
  <testcase classname="Ecommerce.Testing" name="@BeforeTest Start" time="0.098">
    <failure type="java.lang.IllegalStateException" message="The driver executable must exist: G:\mphasis\FSD Training\Tools\edgedriver_win64\msedgedriver.exe">
      <![CDATA[java.lang.IllegalStateException: The driver executable must exist: G:\mphasis\FSD Training\Tools\edgedriver_win64\msedgedriver.exe
at org.openqa.selenium.internal.Require$FileStateChecker.isFile(Require.java:342)
at org.openqa.selenium.remote.service.DriverService.checkExecutable(DriverService.java:147)
at org.openqa.selenium.remote.service.DriverService.findExecutable(DriverService.java:142)
at org.openqa.selenium.edge.EdgeDriverService.access$000(EdgeDriverService.java:40)
at org.openqa.selenium.edge.EdgeDriverService$Builder.findDefaultExecutable(EdgeDriverService.java:171)
at org.openqa.selenium.remote.service.DriverService$Builder.build(DriverService.java:437)
at org.openqa.selenium.edge.EdgeDriver.<init>(EdgeDriver.java:44)
at org.openqa.selenium.edge.EdgeDriver.<init>(EdgeDriver.java:41)
at Ecommerce.Testing.Start(Testing.java:49)
at java.base/java.util.concurrent.FutureTask.run(FutureTask.java:264)
at java.base/java.util.concurrent.ThreadPoolExecutor.runWorker(ThreadPoolExecutor.java:1136)
at java.base/java.util.concurrent.ThreadPoolExecutor$Worker.run(ThreadPoolExecutor.java:635)
at java.base/java.lang.Thread.run(Thread.java:833)
... Removed 13 stack frames]]>
    </failure>
  </testcase> <!-- @BeforeTest Start -->
  <testcase classname="Ecommerce.Testing" name="@AfterTest end" time="-1.666072195506E9">
    <skipped/>
  </testcase> <!-- @AfterTest end -->
  <testcase classname="Ecommerce.Testing" name="home" time="0.0">
    <skipped/>
  </testcase> <!-- home -->
  <testcase classname="Ecommerce.Testing" name="search" time="0.0">
    <skipped/>
  </testcase> <!-- search -->
  <testcase classname="Ecommerce.Testing" name="pageHeight" time="0.0">
    <skipped/>
  </testcase> <!-- pageHeight -->
</testsuite> <!-- EdgeTest -->
